<?xml version="1.0" encoding="UTF-8"?>
<!-- Generated by org.testng.reporters.JUnitReportReporter -->
<testsuite hostname="DESKTOP-QAPNIA9" failures="0" tests="1" name="com.softsuave.test.LoginPage" time="5.926" errors="0" timestamp="2020-08-10T19:06:23 IST" skipped="0">
  <testcase classname="com.softsuave.test.LoginPage" name="loginToApplication" time="5.926"/>
  <system-out/>
</testsuite> <!-- com.softsuave.test.LoginPage -->
