<?xml version="1.0" encoding="UTF-8"?>
<!-- Generated by org.testng.reporters.JUnitReportReporter -->
<testsuite hostname="DESKTOP-QAPNIA9" failures="0" tests="1" name="com.softsuave.test.CreateManagementTest" time="14.474" errors="0" timestamp="2020-08-14T17:07:34 IST" skipped="0">
  <testcase classname="com.softsuave.test.CreateManagementTest" name="createOrganisationDublicates" time="14.474"/>
  <system-out/>
</testsuite> <!-- com.softsuave.test.CreateManagementTest -->
