<?xml version="1.0" encoding="UTF-8"?>
<!-- Generated by org.testng.reporters.JUnitReportReporter -->
<testsuite hostname="DESKTOP-QAPNIA9" failures="0" tests="1" name="com.softsuave.test.ActivityPageStatusTest" time="12.927" errors="0" timestamp="2020-08-12T19:04:16 IST" skipped="0">
  <testcase classname="com.softsuave.test.ActivityPageStatusTest" name="getActivityText" time="12.927"/>
  <system-out/>
</testsuite> <!-- com.softsuave.test.ActivityPageStatusTest -->
