<?xml version="1.0" encoding="UTF-8"?>
<!-- Generated by org.testng.reporters.JUnitReportReporter -->
<testsuite hostname="DESKTOP-QAPNIA9" failures="0" tests="5" name="com.softsuave.test.ForgetPasswordTest" time="13.292" errors="0" timestamp="2020-08-12T18:10:12 IST" skipped="0">
  <testcase classname="com.softsuave.test.ForgetPasswordTest" name="forgetPasswordShortEmailId" time="1.146"/>
  <system-out/>
  <testcase classname="com.softsuave.test.ForgetPasswordTest" name="clickOnLoginLinkInForgotPassword" time="7.508"/>
  <system-out/>
  <testcase classname="com.softsuave.test.ForgetPasswordTest" name="forgetPasswordValidEmailId" time="1.938"/>
  <system-out/>
  <testcase classname="com.softsuave.test.ForgetPasswordTest" name="forgetPasswordNoData" time="1.055"/>
  <system-out/>
  <testcase classname="com.softsuave.test.ForgetPasswordTest" name="forgetPasswordInvalidEmailId" time="1.645"/>
  <system-out/>
</testsuite> <!-- com.softsuave.test.ForgetPasswordTest -->
