<?xml version="1.0" encoding="UTF-8"?>
<!-- Generated by org.testng.reporters.JUnitReportReporter -->
<testsuite hostname="DESKTOP-QAPNIA9" failures="0" tests="3" name="com.softsuave.test.SignUpTest" time="11.601" errors="0" timestamp="2020-08-12T18:10:12 IST" skipped="0">
  <testcase classname="com.softsuave.test.SignUpTest" name="signUpAppInvalid" time="7.474"/>
  <system-out/>
  <testcase classname="com.softsuave.test.SignUpTest" name="signUpAppOldUser" time="2.148"/>
  <system-out/>
  <testcase classname="com.softsuave.test.SignUpTest" name="signUpAppNewUser" time="1.979"/>
  <system-out/>
</testsuite> <!-- com.softsuave.test.SignUpTest -->
