<?xml version="1.0" encoding="UTF-8"?>
<!-- Generated by org.testng.reporters.JUnitReportReporter -->
<testsuite hostname="DESKTOP-QAPNIA9" failures="0" tests="6" name="com.softsuave.test.ForgetPasswordTest" time="51.770" errors="0" timestamp="2020-08-20T18:02:32 IST" skipped="0">
  <testcase classname="com.softsuave.test.ForgetPasswordTest" name="forgetPasswordValidEmailId" time="9.219"/>
  <system-out/>
  <testcase classname="com.softsuave.test.ForgetPasswordTest" name="forgetPasswordShortEmailId" time="8.187"/>
  <system-out/>
  <testcase classname="com.softsuave.test.ForgetPasswordTest" name="clickOnLoginLinkInForgotPassword" time="8.104"/>
  <system-out/>
  <testcase classname="com.softsuave.test.ForgetPasswordTest" name="forgetPasswordNoData" time="8.124"/>
  <system-out/>
  <testcase classname="com.softsuave.test.ForgetPasswordTest" name="forgetPasswordInvalidEmailId" time="9.141"/>
  <system-out/>
  <testcase classname="com.softsuave.test.ForgetPasswordTest" name="clickOnLogin" time="8.995"/>
  <system-out/>
</testsuite> <!-- com.softsuave.test.ForgetPasswordTest -->
