<?xml version="1.0" encoding="UTF-8"?>
<!-- Generated by org.testng.reporters.JUnitReportReporter -->
<testsuite hostname="DESKTOP-QAPNIA9" failures="0" tests="4" name="com.softsuave.test.ActivityPageStatusTest" time="37.302" errors="0" timestamp="2020-08-20T18:02:32 IST" skipped="0">
  <testcase classname="com.softsuave.test.ActivityPageStatusTest" name="getActivityTextTotalHours" time="9.244"/>
  <system-out/>
  <testcase classname="com.softsuave.test.ActivityPageStatusTest" name="getActivityTextTotalBillableHours" time="9.083"/>
  <system-out/>
  <testcase classname="com.softsuave.test.ActivityPageStatusTest" name="getActivityTextTotalNoofUsers" time="9.067"/>
  <system-out/>
  <testcase classname="com.softsuave.test.ActivityPageStatusTest" name="getActivityTextTotalActivity" time="9.908"/>
  <system-out/>
</testsuite> <!-- com.softsuave.test.ActivityPageStatusTest -->
