<?xml version="1.0" encoding="UTF-8"?>
<!-- Generated by org.testng.reporters.JUnitReportReporter -->
<testsuite hostname="DESKTOP-QAPNIA9" failures="0" tests="1" name="com.softsuave.test.MembersFunctionalityTest" time="10.025" errors="0" timestamp="2020-08-14T16:12:16 IST" skipped="0">
  <testcase classname="com.softsuave.test.MembersFunctionalityTest" name="clickOnRemoveInviteeLink" time="10.025"/>
  <system-out/>
</testsuite> <!-- com.softsuave.test.MembersFunctionalityTest -->
