<?xml version="1.0" encoding="UTF-8"?>
<!-- Generated by org.testng.reporters.JUnitReportReporter -->
<testsuite hostname="DESKTOP-QAPNIA9" failures="0" tests="1" name="com.softsuave.test.ProjectFunctionalityTest" time="15.827" errors="0" timestamp="2020-08-12T18:10:12 IST" skipped="0">
  <testcase classname="com.softsuave.test.ProjectFunctionalityTest" name="projectFunctionality" time="15.827"/>
  <system-out/>
</testsuite> <!-- com.softsuave.test.ProjectFunctionalityTest -->
