<?xml version="1.0" encoding="UTF-8"?>
<!-- Generated by org.testng.reporters.JUnitReportReporter -->
<testsuite hostname="DESKTOP-QAPNIA9" failures="0" tests="1" name="com.softsuave.test.ActivityTest" time="10.758" errors="0" timestamp="2020-08-12T18:10:12 IST" skipped="0">
  <testcase classname="com.softsuave.test.ActivityTest" name="activityPagetest" time="10.758"/>
  <system-out/>
</testsuite> <!-- com.softsuave.test.ActivityTest -->
