<?xml version="1.0" encoding="UTF-8"?>
<!-- Generated by org.testng.reporters.JUnitReportReporter -->
<testsuite hostname="DESKTOP-QAPNIA9" failures="0" tests="1" name="com.softsuave.test.ProjectFunctionalityTest" time="14.339" errors="0" timestamp="2020-08-14T13:55:22 IST" skipped="0">
  <testcase classname="com.softsuave.test.ProjectFunctionalityTest" name="clickOnRemoveMember" time="14.339"/>
  <system-out/>
</testsuite> <!-- com.softsuave.test.ProjectFunctionalityTest -->
