<?xml version="1.0" encoding="UTF-8"?>
<!-- Generated by org.testng.reporters.JUnitReportReporter -->
<testsuite hostname="DESKTOP-QAPNIA9" failures="0" tests="4" name="com.softsuave.test.SignUpTest" time="35.599" errors="0" timestamp="2020-08-20T18:02:32 IST" skipped="0">
  <testcase classname="com.softsuave.test.SignUpTest" name="signUpAppInvalid" time="8.483"/>
  <system-out/>
  <testcase classname="com.softsuave.test.SignUpTest" name="signUpAppNewUser" time="9.450"/>
  <system-out/>
  <testcase classname="com.softsuave.test.SignUpTest" name="signUpAppOldUser" time="9.297"/>
  <system-out/>
  <testcase classname="com.softsuave.test.SignUpTest" name="signUpAppLoginLink" time="8.369"/>
  <system-out/>
</testsuite> <!-- com.softsuave.test.SignUpTest -->
