<?xml version="1.0" encoding="UTF-8"?>
<!-- Generated by org.testng.reporters.JUnitReportReporter -->
<testsuite hostname="DESKTOP-QAPNIA9" failures="0" tests="5" name="com.softsuave.test.LoginTest" time="13.442" errors="0" timestamp="2020-08-12T18:10:12 IST" skipped="0">
  <testcase classname="com.softsuave.test.LoginTest" name="loginToApplicationInvalidPassword" time="1.447"/>
  <system-out/>
  <testcase classname="com.softsuave.test.LoginTest" name="loginToApplicationShortMail" time="0.906"/>
  <system-out/>
  <testcase classname="com.softsuave.test.LoginTest" name="loginToApplicationInvalidEmail" time="8.883"/>
  <system-out/>
  <testcase classname="com.softsuave.test.LoginTest" name="loginToApplicationValid" time="1.369"/>
  <system-out/>
  <testcase classname="com.softsuave.test.LoginTest" name="loginToApplicationNoData" time="0.837"/>
  <system-out/>
</testsuite> <!-- com.softsuave.test.LoginTest -->
