<?xml version="1.0" encoding="UTF-8"?>
<!-- Generated by org.testng.reporters.JUnitReportReporter -->
<testsuite hostname="DESKTOP-QAPNIA9" failures="0" tests="1" name="com.softsuave.test.ActivityTest" time="12.574" errors="0" timestamp="2020-08-13T13:32:18 IST" skipped="0">
  <testcase classname="com.softsuave.test.ActivityTest" name="activityPagetest" time="12.574"/>
  <system-out/>
</testsuite> <!-- com.softsuave.test.ActivityTest -->
