<?xml version="1.0" encoding="UTF-8"?>
<!-- Generated by org.testng.reporters.JUnitReportReporter -->
<testsuite hostname="DESKTOP-QAPNIA9" failures="0" tests="1" name="com.softsuave.test.DownloadTrackerTest" time="9.601" errors="0" timestamp="2020-08-20T18:02:31 IST" skipped="0">
  <testcase classname="com.softsuave.test.DownloadTrackerTest" name="clickOnDownloadTracker" time="9.601"/>
  <system-out/>
</testsuite> <!-- com.softsuave.test.DownloadTrackerTest -->
