<?xml version="1.0" encoding="UTF-8"?>
<!-- Generated by org.testng.reporters.JUnitReportReporter -->
<testsuite hostname="DESKTOP-QAPNIA9" failures="0" tests="1" name="com.softsuave.test.SignUpTest" time="8.704" errors="0" timestamp="2020-08-14T12:19:58 IST" skipped="0">
  <testcase classname="com.softsuave.test.SignUpTest" name="signUpAppInvalid" time="8.704"/>
  <system-out/>
</testsuite> <!-- com.softsuave.test.SignUpTest -->
