<?xml version="1.0" encoding="UTF-8"?>
<!-- Generated by org.testng.reporters.JUnitReportReporter -->
<testsuite hostname="DESKTOP-QAPNIA9" failures="0" tests="1" name="com.softsuave.test.SignOutTest" time="10.214" errors="0" timestamp="2020-08-14T16:45:40 IST" skipped="0">
  <testcase classname="com.softsuave.test.SignOutTest" name="signOutFun" time="10.214"/>
  <system-out/>
</testsuite> <!-- com.softsuave.test.SignOutTest -->
